[1.105s] DEBUG:colcon:Command line arguments: ['/usr/bin/colcon', 'build']
[1.105s] DEBUG:colcon:Parsed command line arguments: Namespace(log_base=None, log_level=None, verb_name='build', build_base='build', install_base='install', merge_install=False, symlink_install=False, test_result_base=None, continue_on_error=False, executor='parallel', parallel_workers=8, event_handlers=None, ignore_user_meta=False, metas=['./colcon.meta'], base_paths=['.'], packages_ignore=None, packages_ignore_regex=None, paths=None, packages_up_to=None, packages_up_to_regex=None, packages_above=None, packages_above_and_dependencies=None, packages_above_depth=None, packages_select_by_dep=None, packages_skip_by_dep=None, packages_skip_up_to=None, packages_select_build_failed=False, packages_skip_build_finished=False, packages_select_test_failures=False, packages_skip_test_passed=False, packages_select=None, packages_skip=None, packages_select_regex=None, packages_skip_regex=None, packages_start=None, packages_end=None, allow_overriding=[], cmake_args=None, cmake_target=None, cmake_target_skip_unavailable=False, cmake_clean_cache=False, cmake_clean_first=False, cmake_force_configure=False, ament_cmake_args=None, catkin_cmake_args=None, catkin_skip_building_tests=False, verb_parser=<colcon_defaults.argument_parser.defaults.DefaultArgumentsDecorator object at 0x7f8828933130>, verb_extension=<colcon_core.verb.build.BuildVerb object at 0x7f8828ddf850>, main=<bound method BuildVerb.main of <colcon_core.verb.build.BuildVerb object at 0x7f8828ddf850>>)
[1.154s] Level 1:colcon.colcon_core.package_discovery:discover_packages(colcon_meta) check parameters
[1.155s] Level 1:colcon.colcon_core.package_discovery:discover_packages(recursive) check parameters
[1.155s] Level 1:colcon.colcon_core.package_discovery:discover_packages(ignore) check parameters
[1.155s] Level 1:colcon.colcon_core.package_discovery:discover_packages(path) check parameters
[1.155s] Level 1:colcon.colcon_core.package_discovery:discover_packages(colcon_meta) discover
[1.155s] Level 1:colcon.colcon_core.package_discovery:discover_packages(recursive) discover
[1.155s] INFO:colcon.colcon_core.package_discovery:Crawling recursively for packages in '/home/hash/Enthiran2_description'
[1.155s] Level 1:colcon.colcon_core.package_identification:_identify(.) by extensions ['ignore', 'ignore_ament_install']
[1.155s] Level 1:colcon.colcon_core.package_identification:_identify(.) by extension 'ignore'
[1.155s] Level 1:colcon.colcon_core.package_identification:_identify(.) by extension 'ignore_ament_install'
[1.155s] Level 1:colcon.colcon_core.package_identification:_identify(.) by extensions ['colcon_pkg']
[1.155s] Level 1:colcon.colcon_core.package_identification:_identify(.) by extension 'colcon_pkg'
[1.156s] Level 1:colcon.colcon_core.package_identification:_identify(.) by extensions ['colcon_meta']
[1.156s] Level 1:colcon.colcon_core.package_identification:_identify(.) by extension 'colcon_meta'
[1.156s] Level 1:colcon.colcon_core.package_identification:_identify(.) by extensions ['ros']
[1.156s] Level 1:colcon.colcon_core.package_identification:_identify(.) by extension 'ros'
[1.170s] DEBUG:colcon.colcon_core.package_identification:Package '.' with type 'ros.ament_python' and name 'Enthiran2_description'
[1.171s] Level 1:colcon.colcon_core.package_discovery:discover_packages(recursive) using defaults
[1.171s] Level 1:colcon.colcon_core.package_discovery:discover_packages(ignore) discover
[1.171s] Level 1:colcon.colcon_core.package_discovery:discover_packages(ignore) using defaults
[1.171s] Level 1:colcon.colcon_core.package_discovery:discover_packages(path) discover
[1.171s] Level 1:colcon.colcon_core.package_discovery:discover_packages(path) using defaults
[1.274s] Level 1:colcon.colcon_core.package_discovery:discover_packages(prefix_path) check parameters
[1.274s] Level 1:colcon.colcon_core.package_discovery:discover_packages(prefix_path) discover
[1.302s] DEBUG:colcon.colcon_installed_package_information.package_discovery:Found 1 installed packages in /home/hash/Enthiran2_description/install
[1.318s] DEBUG:colcon.colcon_installed_package_information.package_discovery:Found 270 installed packages in /opt/ros/humble
[1.319s] Level 1:colcon.colcon_core.package_discovery:discover_packages(prefix_path) using defaults
[1.409s] Level 5:colcon.colcon_core.verb:set package 'Enthiran2_description' build argument 'cmake_args' from command line to 'None'
[1.409s] Level 5:colcon.colcon_core.verb:set package 'Enthiran2_description' build argument 'cmake_target' from command line to 'None'
[1.409s] Level 5:colcon.colcon_core.verb:set package 'Enthiran2_description' build argument 'cmake_target_skip_unavailable' from command line to 'False'
[1.409s] Level 5:colcon.colcon_core.verb:set package 'Enthiran2_description' build argument 'cmake_clean_cache' from command line to 'False'
[1.409s] Level 5:colcon.colcon_core.verb:set package 'Enthiran2_description' build argument 'cmake_clean_first' from command line to 'False'
[1.409s] Level 5:colcon.colcon_core.verb:set package 'Enthiran2_description' build argument 'cmake_force_configure' from command line to 'False'
[1.409s] Level 5:colcon.colcon_core.verb:set package 'Enthiran2_description' build argument 'ament_cmake_args' from command line to 'None'
[1.409s] Level 5:colcon.colcon_core.verb:set package 'Enthiran2_description' build argument 'catkin_cmake_args' from command line to 'None'
[1.409s] Level 5:colcon.colcon_core.verb:set package 'Enthiran2_description' build argument 'catkin_skip_building_tests' from command line to 'False'
[1.409s] DEBUG:colcon.colcon_core.verb:Building package 'Enthiran2_description' with the following arguments: {'ament_cmake_args': None, 'build_base': '/home/hash/Enthiran2_description/build/Enthiran2_description', 'catkin_cmake_args': None, 'catkin_skip_building_tests': False, 'cmake_args': None, 'cmake_clean_cache': False, 'cmake_clean_first': False, 'cmake_force_configure': False, 'cmake_target': None, 'cmake_target_skip_unavailable': False, 'install_base': '/home/hash/Enthiran2_description/install/Enthiran2_description', 'merge_install': False, 'path': '/home/hash/Enthiran2_description', 'symlink_install': False, 'test_result_base': None}
[1.421s] INFO:colcon.colcon_core.executor:Executing jobs using 'parallel' executor
[1.436s] DEBUG:colcon.colcon_parallel_executor.executor.parallel:run_until_complete
[1.437s] INFO:colcon.colcon_ros.task.ament_python.build:Building ROS package in '/home/hash/Enthiran2_description' with build type 'ament_python'
[1.437s] Level 1:colcon.colcon_core.shell:create_environment_hook('Enthiran2_description', 'ament_prefix_path')
[1.456s] INFO:colcon.colcon_core.plugin_system:Skipping extension 'colcon_core.shell.bat': Not used on non-Windows systems
[1.456s] INFO:colcon.colcon_core.shell:Creating environment hook '/home/hash/Enthiran2_description/install/Enthiran2_description/share/Enthiran2_description/hook/ament_prefix_path.ps1'
[1.457s] INFO:colcon.colcon_core.shell:Creating environment descriptor '/home/hash/Enthiran2_description/install/Enthiran2_description/share/Enthiran2_description/hook/ament_prefix_path.dsv'
[1.458s] INFO:colcon.colcon_core.shell:Creating environment hook '/home/hash/Enthiran2_description/install/Enthiran2_description/share/Enthiran2_description/hook/ament_prefix_path.sh'
[1.475s] INFO:colcon.colcon_core.shell:Skip shell extension 'powershell' for command environment: Not usable outside of PowerShell
[1.475s] DEBUG:colcon.colcon_core.shell:Skip shell extension 'dsv' for command environment
[1.786s] INFO:colcon.colcon_core.task.python.build:Building Python package in '/home/hash/Enthiran2_description'
[1.803s] INFO:colcon.colcon_core.shell:Skip shell extension 'powershell' for command environment: Not usable outside of PowerShell
[1.803s] DEBUG:colcon.colcon_core.shell:Skip shell extension 'dsv' for command environment
[2.193s] DEBUG:colcon.colcon_core.event_handler.log_command:Invoking command in '/home/hash/Enthiran2_description': PYTHONPATH=/home/hash/Enthiran2_description/build/Enthiran2_description/prefix_override:/home/hash/Enthiran2_description/install/Enthiran2_description/lib/python3.10/site-packages:${PYTHONPATH} /usr/bin/python3 setup.py egg_info --egg-base build/Enthiran2_description build --build-base /home/hash/Enthiran2_description/build/Enthiran2_description/build install --record /home/hash/Enthiran2_description/build/Enthiran2_description/install.log --install-scripts $base/lib/Enthiran2_description --single-version-externally-managed
[2.495s] DEBUG:colcon.colcon_core.event_handler.log_command:Invoked command in '/home/hash/Enthiran2_description' returned '0': PYTHONPATH=/home/hash/Enthiran2_description/build/Enthiran2_description/prefix_override:/home/hash/Enthiran2_description/install/Enthiran2_description/lib/python3.10/site-packages:${PYTHONPATH} /usr/bin/python3 setup.py egg_info --egg-base build/Enthiran2_description build --build-base /home/hash/Enthiran2_description/build/Enthiran2_description/build install --record /home/hash/Enthiran2_description/build/Enthiran2_description/install.log --install-scripts $base/lib/Enthiran2_description --single-version-externally-managed
[2.510s] Level 1:colcon.colcon_core.environment:checking '/home/hash/Enthiran2_description/install/Enthiran2_description' for CMake module files
[2.510s] Level 1:colcon.colcon_core.environment:checking '/home/hash/Enthiran2_description/install/Enthiran2_description' for CMake config files
[2.511s] Level 1:colcon.colcon_core.environment:checking '/home/hash/Enthiran2_description/install/Enthiran2_description/lib'
[2.511s] Level 1:colcon.colcon_core.environment:checking '/home/hash/Enthiran2_description/install/Enthiran2_description/bin'
[2.512s] Level 1:colcon.colcon_core.environment:checking '/home/hash/Enthiran2_description/install/Enthiran2_description/lib/pkgconfig/Enthiran2_description.pc'
[2.512s] Level 1:colcon.colcon_core.environment:checking '/home/hash/Enthiran2_description/install/Enthiran2_description/lib/python3.10/site-packages'
[2.512s] Level 1:colcon.colcon_core.shell:create_environment_hook('Enthiran2_description', 'pythonpath')
[2.525s] INFO:colcon.colcon_core.shell:Creating environment hook '/home/hash/Enthiran2_description/install/Enthiran2_description/share/Enthiran2_description/hook/pythonpath.ps1'
[2.526s] INFO:colcon.colcon_core.shell:Creating environment descriptor '/home/hash/Enthiran2_description/install/Enthiran2_description/share/Enthiran2_description/hook/pythonpath.dsv'
[2.526s] INFO:colcon.colcon_core.shell:Creating environment hook '/home/hash/Enthiran2_description/install/Enthiran2_description/share/Enthiran2_description/hook/pythonpath.sh'
[2.527s] Level 1:colcon.colcon_core.environment:checking '/home/hash/Enthiran2_description/install/Enthiran2_description/bin'
[2.527s] Level 1:colcon.colcon_core.environment:create_environment_scripts_only(Enthiran2_description)
[2.540s] INFO:colcon.colcon_core.shell:Creating package script '/home/hash/Enthiran2_description/install/Enthiran2_description/share/Enthiran2_description/package.ps1'
[2.541s] INFO:colcon.colcon_core.shell:Creating package descriptor '/home/hash/Enthiran2_description/install/Enthiran2_description/share/Enthiran2_description/package.dsv'
[2.542s] INFO:colcon.colcon_core.shell:Creating package script '/home/hash/Enthiran2_description/install/Enthiran2_description/share/Enthiran2_description/package.sh'
[2.543s] INFO:colcon.colcon_core.shell:Creating package script '/home/hash/Enthiran2_description/install/Enthiran2_description/share/Enthiran2_description/package.bash'
[2.544s] INFO:colcon.colcon_core.shell:Creating package script '/home/hash/Enthiran2_description/install/Enthiran2_description/share/Enthiran2_description/package.zsh'
[2.545s] Level 1:colcon.colcon_core.environment:create_file_with_runtime_dependencies(/home/hash/Enthiran2_description/install/Enthiran2_description/share/colcon-core/packages/Enthiran2_description)
[2.545s] DEBUG:colcon.colcon_parallel_executor.executor.parallel:closing loop
[2.547s] DEBUG:colcon.colcon_parallel_executor.executor.parallel:loop closed
[2.548s] DEBUG:colcon.colcon_parallel_executor.executor.parallel:run_until_complete finished with '0'
[2.548s] DEBUG:colcon.colcon_core.event_reactor:joining thread
[2.683s] INFO:colcon.colcon_core.plugin_system:Skipping extension 'colcon_notification.desktop_notification.notify_send': Could not find 'notify-send'
[2.684s] INFO:colcon.colcon_core.plugin_system:Skipping extension 'colcon_notification.desktop_notification.terminal_notifier': Not used on non-Darwin systems
[2.684s] INFO:colcon.colcon_core.plugin_system:Skipping extension 'colcon_notification.desktop_notification.win32': Not used on non-Windows systems
[2.684s] INFO:colcon.colcon_notification.desktop_notification:Sending desktop notification using 'notify2'
[2.684s] DEBUG:colcon.colcon_notification.desktop_notification.notify2:Failed to initialize notify2: org.freedesktop.DBus.Error.FileNotFound: Failed to connect to socket /run/user/1000/bus: No such file or directory
[2.684s] DEBUG:colcon.colcon_core.event_reactor:joined thread
[2.699s] INFO:colcon.colcon_core.shell:Creating prefix script '/home/hash/Enthiran2_description/install/local_setup.ps1'
[2.700s] INFO:colcon.colcon_core.shell:Creating prefix util module '/home/hash/Enthiran2_description/install/_local_setup_util_ps1.py'
[2.701s] INFO:colcon.colcon_core.shell:Creating prefix chain script '/home/hash/Enthiran2_description/install/setup.ps1'
[2.715s] INFO:colcon.colcon_core.shell:Creating prefix script '/home/hash/Enthiran2_description/install/local_setup.sh'
[2.716s] INFO:colcon.colcon_core.shell:Creating prefix util module '/home/hash/Enthiran2_description/install/_local_setup_util_sh.py'
[2.716s] INFO:colcon.colcon_core.shell:Creating prefix chain script '/home/hash/Enthiran2_description/install/setup.sh'
[2.731s] INFO:colcon.colcon_core.shell:Creating prefix script '/home/hash/Enthiran2_description/install/local_setup.bash'
[2.732s] INFO:colcon.colcon_core.shell:Creating prefix chain script '/home/hash/Enthiran2_description/install/setup.bash'
[2.745s] INFO:colcon.colcon_core.shell:Creating prefix script '/home/hash/Enthiran2_description/install/local_setup.zsh'
[2.746s] INFO:colcon.colcon_core.shell:Creating prefix chain script '/home/hash/Enthiran2_description/install/setup.zsh'
