/home/hash/Enthiran2_description/install/Enthiran2_description/lib/python3.10/site-packages/Enthiran2_description/__init__.py
/home/hash/Enthiran2_description/install/Enthiran2_description/lib/python3.10/site-packages/Enthiran2_description/__pycache__/__init__.cpython-310.pyc
/home/hash/Enthiran2_description/install/Enthiran2_description/share/ament_index/resource_index/packages/Enthiran2_description
/home/hash/Enthiran2_description/install/Enthiran2_description/share/Enthiran2_description/package.xml
/home/hash/Enthiran2_description/install/Enthiran2_description/share/Enthiran2_description/launch/display.launch.py
/home/hash/Enthiran2_description/install/Enthiran2_description/share/Enthiran2_description/launch/gazebo.launch.py
/home/hash/Enthiran2_description/install/Enthiran2_description/share/Enthiran2_description/urdf/materials.xacro
/home/hash/Enthiran2_description/install/Enthiran2_description/share/Enthiran2_description/urdf/Enthiran2.gazebo
/home/hash/Enthiran2_description/install/Enthiran2_description/share/Enthiran2_description/urdf/Enthiran2.xacro
/home/hash/Enthiran2_description/install/Enthiran2_description/share/Enthiran2_description/urdf/Enthiran2.trans
/home/hash/Enthiran2_description/install/Enthiran2_description/share/Enthiran2_description/meshes/base_link.stl
/home/hash/Enthiran2_description/install/Enthiran2_description/share/Enthiran2_description/meshes/lidar_1.stl
/home/hash/Enthiran2_description/install/Enthiran2_description/share/Enthiran2_description/meshes/left_wheel_1.stl
/home/hash/Enthiran2_description/install/Enthiran2_description/share/Enthiran2_description/meshes/right_wheel_1.stl
/home/hash/Enthiran2_description/install/Enthiran2_description/share/Enthiran2_description/config/display.rviz
/home/hash/Enthiran2_description/install/Enthiran2_description/lib/python3.10/site-packages/Enthiran2_description-0.0.0-py3.10.egg-info/top_level.txt
/home/hash/Enthiran2_description/install/Enthiran2_description/lib/python3.10/site-packages/Enthiran2_description-0.0.0-py3.10.egg-info/SOURCES.txt
/home/hash/Enthiran2_description/install/Enthiran2_description/lib/python3.10/site-packages/Enthiran2_description-0.0.0-py3.10.egg-info/dependency_links.txt
/home/hash/Enthiran2_description/install/Enthiran2_description/lib/python3.10/site-packages/Enthiran2_description-0.0.0-py3.10.egg-info/requires.txt
/home/hash/Enthiran2_description/install/Enthiran2_description/lib/python3.10/site-packages/Enthiran2_description-0.0.0-py3.10.egg-info/zip-safe
/home/hash/Enthiran2_description/install/Enthiran2_description/lib/python3.10/site-packages/Enthiran2_description-0.0.0-py3.10.egg-info/PKG-INFO
/home/hash/Enthiran2_description/install/Enthiran2_description/lib/python3.10/site-packages/Enthiran2_description-0.0.0-py3.10.egg-info/entry_points.txt
