[0.755s] Invoking command in '/home/hash/Enthiran2_description': PYTHONPATH=/home/hash/Enthiran2_description/build/Enthiran2_description/prefix_override:/home/hash/Enthiran2_description/install/Enthiran2_description/lib/python3.10/site-packages:${PYTHONPATH} /usr/bin/python3 setup.py egg_info --egg-base build/Enthiran2_description build --build-base /home/hash/Enthiran2_description/build/Enthiran2_description/build install --record /home/hash/Enthiran2_description/build/Enthiran2_description/install.log --install-scripts $base/lib/Enthiran2_description --single-version-externally-managed
[0.985s] /usr/lib/python3/dist-packages/setuptools/dist.py:723: UserWarning: Usage of dash-separated 'script-dir' will not be supported in future versions. Please use the underscore name 'script_dir' instead
[0.985s]   warnings.warn(
[0.993s] running egg_info
[0.994s] writing build/Enthiran2_description/Enthiran2_description.egg-info/PKG-INFO
[0.995s] writing dependency_links to build/Enthiran2_description/Enthiran2_description.egg-info/dependency_links.txt
[0.995s] writing entry points to build/Enthiran2_description/Enthiran2_description.egg-info/entry_points.txt
[0.995s] writing requirements to build/Enthiran2_description/Enthiran2_description.egg-info/requires.txt
[0.995s] writing top-level names to build/Enthiran2_description/Enthiran2_description.egg-info/top_level.txt
[0.997s] reading manifest file 'build/Enthiran2_description/Enthiran2_description.egg-info/SOURCES.txt'
[0.998s] writing manifest file 'build/Enthiran2_description/Enthiran2_description.egg-info/SOURCES.txt'
[0.998s] running build
[0.999s] running build_py
[0.999s] running install
[0.999s] /usr/lib/python3/dist-packages/setuptools/command/install.py:34: SetuptoolsDeprecationWarning: setup.py install is deprecated. Use build and pip and other standards-based tools.
[0.999s]   warnings.warn(
[1.000s] running install_lib
[1.001s] running install_data
[1.002s] running install_egg_info
[1.004s] removing '/home/hash/Enthiran2_description/install/Enthiran2_description/lib/python3.10/site-packages/Enthiran2_description-0.0.0-py3.10.egg-info' (and everything under it)
[1.005s] Copying build/Enthiran2_description/Enthiran2_description.egg-info to /home/hash/Enthiran2_description/install/Enthiran2_description/lib/python3.10/site-packages/Enthiran2_description-0.0.0-py3.10.egg-info
[1.006s] running install_scripts
[1.032s] writing list of installed files to '/home/hash/Enthiran2_description/build/Enthiran2_description/install.log'
[1.057s] Invoked command in '/home/hash/Enthiran2_description' returned '0': PYTHONPATH=/home/hash/Enthiran2_description/build/Enthiran2_description/prefix_override:/home/hash/Enthiran2_description/install/Enthiran2_description/lib/python3.10/site-packages:${PYTHONPATH} /usr/bin/python3 setup.py egg_info --egg-base build/Enthiran2_description build --build-base /home/hash/Enthiran2_description/build/Enthiran2_description/build install --record /home/hash/Enthiran2_description/build/Enthiran2_description/install.log --install-scripts $base/lib/Enthiran2_description --single-version-externally-managed
